 湖北省荆门市钟祥市福星路9号泰峰染织厂
 江苏省南京市秦淮区健康路一号南京水游城二楼财务部
 安徽省合肥市包河区安徽省合肥市包河区屯溪路187号恒兴广场A区1001室
 山东省威海市环翠区塔山东路 57号楼  C栋 二单元 505室
 安徽省合肥市包河区马鞍山路柏林春天19幢1栋602
 浙江省杭州市西湖区崇义路紫霞街坤和西溪里璞园3-2-803
 福建省泉州市石狮市閩南理工学院宝盖校区三期学生宿舍12号楼124
 辽宁省鞍山市铁东区二道街88号天兴百盛购物中心（负一层烟柜）
 四川省绵阳市涪城区剑南路西段55号
 广东省广州市海珠区宝岗大道498号广百新一城4楼安莉芳
 上海市浦东新区浦东南路855号世界广场29楼C座
 上海市浦东新区上海市浦东新区六灶镇七灶村15组1050号
 江苏省徐州市泉山区金山东路云泉山庄（徐州财校对面）华筵楼
 广东省广州市天河区水荫四横路34号首层中国银行
 海南省东方市东海路公路局商品房英威广告公司
 山东省聊城市东昌府区黄河路105号
 广西壮族自治区省南宁市宾阳县商贸城社区北段138号
 浙江省杭州市下城区河东路91号国海良时期货有限公司230
 山东省烟台市福山区昆仑山路海信慧园东区6-402
 浙江省台州市椒江区三甲街道晨光村504号
 四川省凉山彝族自治州市越西县越西粮食局3幢2单元4号
 浙江省杭州市西湖区求是路8号公元大厦北楼703 凯麦事务所
 浙江省温州市永嘉县桥头镇桥联路30号，新翼英语
 上海市杨浦区长浜路330弄江升公寓7号302室
 四川省凉山彝族自治州市西昌市马坪坝西昌学院北校区
 湖北省武汉市硚口区解放大道88号工行融侨锦城支行
 浙江省丽水市龙泉市苍松路92号
 上海市闵行区颛兴路748弄26号201室
 重庆市渝北区双龙大道龙盛街阳光水岸小区3栋
 甘肃省嘉峪关市新华北路388号东方百盛3楼vero moda收
 北京市海淀区西北旺中海枫涟山庄3号楼1单元601室
 陕西省西安市新城区金花北路华润万家一楼出口处
 四川省乐山市峨眉山市兴隆街380号佛南佳苑
 上海市普陀区延川路71弄7号402室
 陕西省西安市长安区神禾二路，陕西学前师范学院
 江西省南昌市东湖区江西师范大学瑶湖校区十栋n309
 新疆维吾尔自治区乌鲁木齐市沙依巴克区友好南路 168号，医科大学护理学院
 上海市杨浦区包头路1150弄21号1902室
 河北省唐山市路南区建设南路14号唐山市妇幼保健院
 河北省张家口市桥西区新一中北枫墅小镇物业
 四川省成都市成华区龙潭寺龙港路399号西南财经大学天府学院东区
 广东省佛山市高明区跃华路549号凤凰城旁
 湖北省荆州市公安县中医院五官科（13楼）
 湖北省荆州市公安县中医院五官科（13楼）
 湖南省湘潭市雨湖区韶山东路四十一号华银国际大酒店
 山东省济南市历下区历山路36号齐鲁师范学院
 广东省广州市花都区狮岭镇海布光明路5号（广州工商学校）
 湖北省武汉市洪山区武珞路628号亚贸广场4F梦特娇运动专柜
 福建省泉州市丰泽区东海大街泉州师范学院
 贵州省黔东南苗族侗族自治州市凯里市凯里学院
 广东省深圳市宝安区龙华新区油松社区中裕冠大道1号宝昌宝马4S店
 湖北省武汉市洪山区湖北省妇幼保健院门诊收费室
 广东省东莞市中堂镇袁家涌一甲三新村六巷一号